\BOOKMARK [1][-]{section.1}{\376\377\000A\000b\000s\000t\000r\000a\000c\000t}{}% 1
\BOOKMARK [1][-]{section.2}{\376\377\000I\000n\000t\000r\000o\000d\000u\000c\000t\000i\000o\000n}{}% 2
\BOOKMARK [1][-]{section.3}{\376\377\000E\000x\000p\000e\000r\000i\000m\000e\000n\000t\000\040\000S\000e\000t\000u\000p}{}% 3
\BOOKMARK [2][-]{subsection.3.1}{\376\377\000S\000t\000r\000u\000c\000t\000u\000r\000e}{section.3}% 4
\BOOKMARK [2][-]{subsection.3.2}{\376\377\000T\000e\000s\000t\000i\000n\000g}{section.3}% 5
\BOOKMARK [2][-]{subsection.3.3}{\376\377\000B\000e\000n\000c\000h\000m\000a\000r\000k\000i\000n\000g}{section.3}% 6
\BOOKMARK [2][-]{subsection.3.4}{\376\377\000V\000i\000s\000u\000a\000l\000i\000z\000a\000t\000i\000o\000n\000s}{section.3}% 7
\BOOKMARK [1][-]{section.4}{\376\377\000P\000r\000o\000b\000l\000e\000m\000s\000\040\000-\000\040\000G}{}% 8
\BOOKMARK [2][-]{subsection.4.1}{\376\377\000P\000r\000o\000b\000l\000e\000m\000\040\0004\000\040\000-\000\040\000U\000n\000i\000o\000n\000F\000i\000n\000d\000\040\000B\000e\000n\000c\000h\000m\000a\000r\000k\000i\000n\000g\000\040\000\046\000\040\000G\000r\000o\000w\000t\000h}{section.4}% 9
\BOOKMARK [3][-]{subsubsection.4.1.1}{\376\377\000Q\000u\000i\000c\000k\000\040\000U\000n\000i\000o\000n\000\040\000E\000x\000p\000e\000c\000t\000a\000t\000i\000o\000n\000s}{subsection.4.1}% 10
\BOOKMARK [3][-]{subsubsection.4.1.2}{\376\377\000W\000e\000i\000g\000h\000t\000e\000d\000\040\000Q\000u\000i\000c\000k\000\040\000U\000n\000i\000o\000n\000\040\000E\000x\000p\000e\000c\000t\000a\000t\000i\000o\000n\000s}{subsection.4.1}% 11
\BOOKMARK [3][-]{subsubsection.4.1.3}{\376\377\000Q\000u\000i\000c\000k\000\040\000U\000n\000i\000o\000n\000\040\000R\000e\000s\000u\000l\000t\000s}{subsection.4.1}% 12
\BOOKMARK [3][-]{subsubsection.4.1.4}{\376\377\000W\000e\000i\000g\000h\000t\000e\000d\000\040\000Q\000u\000i\000c\000k\000\040\000U\000n\000i\000o\000n\000\040\000R\000e\000s\000u\000l\000t\000s}{subsection.4.1}% 13
\BOOKMARK [2][-]{subsection.4.2}{\376\377\000P\000r\000o\000b\000l\000e\000m\000\040\0005\000\040\000-\000\040\000T\000h\000r\000e\000e\000s\000u\000m\000\040\000B\000r\000u\000t\000e\000\040\000F\000o\000r\000c\000e}{section.4}% 14
\BOOKMARK [2][-]{subsection.4.3}{\376\377\000P\000r\000o\000b\000l\000e\000m\000\040\0006\000\040\000-\000\040\000T\000h\000r\000e\000e\000s\000u\000m\000\040\000I\000m\000p\000r\000o\000v\000e\000d}{section.4}% 15
\BOOKMARK [3][-]{subsubsection.4.3.1}{\376\377\000T\000w\000o\000\040\000P\000o\000i\000n\000t\000e\000r\000s}{subsection.4.3}% 16
\BOOKMARK [2][-]{subsection.4.4}{\376\377\000P\000r\000o\000b\000l\000e\000m\000\040\0007\000\040\000-\000\040\000T\000h\000r\000e\000e\000s\000u\000m\000\040\000B\000e\000n\000c\000h\000m\000a\000r\000k\000i\000n\000g\000\040\000\046\000\040\000G\000r\000o\000w\000t\000h}{section.4}% 17
\BOOKMARK [1][-]{section.5}{\376\377\000P\000r\000o\000b\000l\000e\000m\000s\000\040\000-\000\040\000V\000G}{}% 18
\BOOKMARK [2][-]{subsection.5.1}{\376\377\000P\000r\000o\000b\000l\000e\000m\000\040\0008\000\040\000-\000\040\000P\000e\000r\000c\000o\000l\000a\000t\000i\000o\000n}{section.5}% 19
\BOOKMARK [1][-]{section.6}{\376\377\000C\000o\000n\000c\000l\000u\000s\000i\000o\000n}{}% 20
